[debug] [2022-10-22T12:43:35.316Z] ----------------------------------------------------------------------
[debug] [2022-10-22T12:43:35.321Z] Command:       C:\Program Files\nodejs\node.exe C:\Users\Administrator\AppData\Roaming\npm\node_modules\firebase-tools\lib\bin\firebase.js deploy
[debug] [2022-10-22T12:43:35.322Z] CLI Version:   11.14.4
[debug] [2022-10-22T12:43:35.323Z] Platform:      win32
[debug] [2022-10-22T12:43:35.323Z] Node Version:  v18.10.0
[debug] [2022-10-22T12:43:36.677Z] Time:          Sat Oct 22 2022 18:43:35 GMT+0600 (Bangladesh Standard Time)
[debug] [2022-10-22T12:43:36.678Z] ----------------------------------------------------------------------
[debug] 
[debug] [2022-10-22T12:43:37.217Z] > command requires scopes: ["email","openid","https://www.googleapis.com/auth/cloudplatformprojects.readonly","https://www.googleapis.com/auth/firebase","https://www.googleapis.com/auth/cloud-platform"]
[debug] [2022-10-22T12:43:37.218Z] > authorizing via signed-in user (rockstarwds@gmail.com)
[debug] [2022-10-22T12:43:37.218Z] [iam] checking project dragon-news-25d32 for permissions ["firebase.projects.get","firebasehosting.sites.update"]
[debug] [2022-10-22T12:43:37.223Z] > refreshing access token with scopes: []
[debug] [2022-10-22T12:43:37.228Z] >>> [apiv2][query] POST https://www.googleapis.com/oauth2/v3/token [none]
[debug] [2022-10-22T12:43:37.229Z] >>> [apiv2][body] POST https://www.googleapis.com/oauth2/v3/token [omitted]
[debug] [2022-10-22T12:43:40.707Z] [iam] error while checking permissions, command may fail: FirebaseError: Authentication Error: Your credentials are no longer valid. Please run firebase login --reauth

For CI servers and headless environments, generate a new token with firebase login:ci
[debug] [2022-10-22T12:43:40.708Z] > refreshing access token with scopes: []
[debug] [2022-10-22T12:43:40.709Z] >>> [apiv2][query] POST https://www.googleapis.com/oauth2/v3/token [none]
[debug] [2022-10-22T12:43:40.709Z] >>> [apiv2][body] POST https://www.googleapis.com/oauth2/v3/token [omitted]
[debug] [2022-10-22T12:43:40.863Z] Authentication Error: Your credentials are no longer valid. Please run firebase login --reauth

For CI servers and headless environments, generate a new token with firebase login:ci
[debug] [2022-10-22T12:43:40.883Z] FirebaseError: Authentication Error: Your credentials are no longer valid. Please run firebase login --reauth

For CI servers and headless environments, generate a new token with firebase login:ci
    at invalidCredentialError (C:\Users\Administrator\AppData\Roaming\npm\node_modules\firebase-tools\lib\auth.js:144:12)
    at refreshTokens (C:\Users\Administrator\AppData\Roaming\npm\node_modules\firebase-tools\lib\auth.js:508:15)
    at process.processTicksAndRejections (node:internal/process/task_queues:95:5)
    at async Client.getAccessToken (C:\Users\Administrator\AppData\Roaming\npm\node_modules\firebase-tools\lib\apiv2.js:149:23)
    at async Client.addAuthHeader (C:\Users\Administrator\AppData\Roaming\npm\node_modules\firebase-tools\lib\apiv2.js:140:21)
    at async Client.request (C:\Users\Administrator\AppData\Roaming\npm\node_modules\firebase-tools\lib\apiv2.js:96:34)
    at async getFirebaseProject (C:\Users\Administrator\AppData\Roaming\npm\node_modules\firebase-tools\lib\management\projects.js:295:21)
    at async getDefaultHostingSite (C:\Users\Administrator\AppData\Roaming\npm\node_modules\firebase-tools\lib\getDefaultHostingSite.js:8:21)
    at async requireHostingSite (C:\Users\Administrator\AppData\Roaming\npm\node_modules\firebase-tools\lib\requireHostingSite.js:9:18)
    at async Object.fn (C:\Users\Administrator\AppData\Roaming\npm\node_modules\firebase-tools\lib\commands\deploy.js:74:9)
    at async C:\Users\Administrator\AppData\Roaming\npm\node_modules\firebase-tools\lib\command.js:214:17
[error] 
[error] Error: Failed to get Firebase project dragon-news-25d32. Please make sure the project exists and your account has permission to access it.
